Connecting to database specified by database.yml
  [1m[36m (4.5ms)[0m  [1mCREATE TABLE "schema_migrations" ("version" character varying(255) NOT NULL) [0m
  [1m[35m (2.3ms)[0m  CREATE UNIQUE INDEX "unique_schema_migrations" ON "schema_migrations" ("version")
  [1m[36m (0.5ms)[0m  [1mSELECT "schema_migrations"."version" FROM "schema_migrations" [0m
Connecting to database specified by database.yml
Connecting to database specified by database.yml
  [1m[36m (0.5ms)[0m  [1mSELECT "schema_migrations"."version" FROM "schema_migrations" [0m
Migrating to CreateProducts (20130924090003)
  [1m[35m (0.1ms)[0m  BEGIN
  [1m[36m (70.8ms)[0m  [1mCREATE TABLE "products" ("id" serial primary key, "title" character varying(255), "description" text, "image_url" character varying(255), "price" decimal(8,2), "created_at" timestamp NOT NULL, "updated_at" timestamp NOT NULL) [0m
  [1m[35m (0.6ms)[0m  INSERT INTO "schema_migrations" ("version") VALUES ('20130924090003')
  [1m[36m (1.4ms)[0m  [1mCOMMIT[0m
  [1m[35m (0.6ms)[0m  SELECT "schema_migrations"."version" FROM "schema_migrations" 


Started GET "/assets/rails.png" for 127.0.0.1 at 2013-09-24 16:05:48 +0700
Connecting to database specified by database.yml
Served asset /rails.png - 304 Not Modified (5ms)


Started GET "/assets/rails.png" for 127.0.0.1 at 2013-09-24 16:17:34 +0700
Connecting to database specified by database.yml
Served asset /rails.png - 200 OK (25ms)


Started GET "/products" for 127.0.0.1 at 2013-09-24 16:18:19 +0700
Processing by ProductsController#index as HTML
  [1m[36mProduct Load (0.8ms)[0m  [1mSELECT "products".* FROM "products" [0m
  [1m[35mEXPLAIN (0.4ms)[0m  EXPLAIN SELECT "products".* FROM "products" 
EXPLAIN for: SELECT "products".* FROM "products" 
                         QUERY PLAN
-------------------------------------------------------------
 Seq Scan on products  (cost=0.00..10.70 rows=70 width=1096)
(1 row)

  Rendered products/index.html.erb within layouts/application (27.1ms)
Compiled products.css  (80ms)  (pid 616)
Compiled scaffolds.css  (51ms)  (pid 616)
Compiled application.css  (152ms)  (pid 616)
Compiled jquery.js  (2ms)  (pid 616)
Compiled jquery_ujs.js  (0ms)  (pid 616)
Compiled products.js  (896ms)  (pid 616)
Compiled application.js  (1048ms)  (pid 616)
Completed 200 OK in 2229ms (Views: 1417.8ms | ActiveRecord: 705.5ms)


Started GET "/assets/products.css?body=1" for 127.0.0.1 at 2013-09-24 16:18:21 +0700
Served asset /products.css - 200 OK (2ms)


Started GET "/assets/application.css?body=1" for 127.0.0.1 at 2013-09-24 16:18:21 +0700
Served asset /application.css - 200 OK (6ms)


Started GET "/assets/jquery_ujs.js?body=1" for 127.0.0.1 at 2013-09-24 16:18:21 +0700
Served asset /jquery_ujs.js - 200 OK (4ms)


Started GET "/assets/jquery.js?body=1" for 127.0.0.1 at 2013-09-24 16:18:21 +0700
Served asset /jquery.js - 200 OK (4ms)


Started GET "/assets/scaffolds.css?body=1" for 127.0.0.1 at 2013-09-24 16:18:21 +0700
Served asset /scaffolds.css - 200 OK (2ms)


Started GET "/assets/products.js?body=1" for 127.0.0.1 at 2013-09-24 16:18:21 +0700
Served asset /products.js - 200 OK (2ms)


Started GET "/assets/application.js?body=1" for 127.0.0.1 at 2013-09-24 16:18:21 +0700
Served asset /application.js - 200 OK (15ms)


Started GET "/products/new" for 127.0.0.1 at 2013-09-24 16:18:23 +0700
Processing by ProductsController#new as HTML
  Rendered products/_form.html.erb (91.6ms)
  Rendered products/new.html.erb within layouts/application (126.1ms)
Completed 200 OK in 187ms (Views: 174.6ms | ActiveRecord: 0.0ms)


Started GET "/products/new" for 127.0.0.1 at 2013-09-24 16:19:44 +0700
Processing by ProductsController#new as HTML
  Rendered products/_form.html.erb (7.3ms)
  Rendered products/new.html.erb within layouts/application (8.3ms)
Completed 200 OK in 14ms (Views: 13.6ms | ActiveRecord: 0.0ms)


Started POST "/products" for 127.0.0.1 at 2013-09-24 16:20:44 +0700
Processing by ProductsController#create as HTML
  Parameters: {"utf8"=>"✓", "authenticity_token"=>"amUBM4QgUAtSI4Vy9as+70LneZgpwP1IORJ1GZqG+QE=", "product"=>{"title"=>"Coffee Script", "description"=>"<p> Coffee Script is JavaScript done right. It provides all of ... code. </p>", "image_url"=>"cd.jpg", "price"=>"36.00"}, "commit"=>"Create Product"}
  [1m[36m (0.2ms)[0m  [1mBEGIN[0m
  [1m[35mSQL (114.8ms)[0m  INSERT INTO "products" ("created_at", "description", "image_url", "price", "title", "updated_at") VALUES ($1, $2, $3, $4, $5, $6) RETURNING "id"  [["created_at", Tue, 24 Sep 2013 09:20:44 UTC +00:00], ["description", "<p> Coffee Script is JavaScript done right. It provides all of ... code. </p>"], ["image_url", "cd.jpg"], ["price", #<BigDecimal:7f940bdcc700,'0.36E2',9(18)>], ["title", "Coffee Script"], ["updated_at", Tue, 24 Sep 2013 09:20:44 UTC +00:00]]
  [1m[36m (0.6ms)[0m  [1mCOMMIT[0m
Redirected to http://localhost:3000/products/1
Completed 302 Found in 121ms (ActiveRecord: 116.0ms)


Started GET "/products/1" for 127.0.0.1 at 2013-09-24 16:20:44 +0700
Processing by ProductsController#show as HTML
  Parameters: {"id"=>"1"}
  [1m[35mProduct Load (1.0ms)[0m  SELECT "products".* FROM "products" WHERE "products"."id" = $1 LIMIT 1  [["id", "1"]]
  Rendered products/show.html.erb within layouts/application (1.5ms)
Completed 200 OK in 10ms (Views: 6.5ms | ActiveRecord: 1.0ms)


Started GET "/assets/products.css?body=1" for 127.0.0.1 at 2013-09-24 16:20:45 +0700
Served asset /products.css - 304 Not Modified (0ms)


Started GET "/assets/scaffolds.css?body=1" for 127.0.0.1 at 2013-09-24 16:20:45 +0700
Served asset /scaffolds.css - 304 Not Modified (0ms)


Started GET "/assets/products.js?body=1" for 127.0.0.1 at 2013-09-24 16:20:45 +0700
Served asset /products.js - 304 Not Modified (0ms)


Started GET "/products" for 127.0.0.1 at 2013-09-24 16:20:48 +0700
Processing by ProductsController#index as HTML
  [1m[36mProduct Load (0.5ms)[0m  [1mSELECT "products".* FROM "products" [0m
  Rendered products/index.html.erb within layouts/application (1.5ms)
Completed 200 OK in 8ms (Views: 6.3ms | ActiveRecord: 0.5ms)


Started GET "/assets/products.css?body=1" for 127.0.0.1 at 2013-09-24 16:20:48 +0700
Served asset /products.css - 304 Not Modified (0ms)


Started GET "/assets/scaffolds.css?body=1" for 127.0.0.1 at 2013-09-24 16:20:48 +0700
Served asset /scaffolds.css - 304 Not Modified (0ms)


Started GET "/assets/products.js?body=1" for 127.0.0.1 at 2013-09-24 16:20:48 +0700
Served asset /products.js - 304 Not Modified (0ms)


Started GET "/products/1" for 127.0.0.1 at 2013-09-24 16:20:58 +0700
Processing by ProductsController#show as HTML
  Parameters: {"id"=>"1"}
  [1m[35mProduct Load (4.2ms)[0m  SELECT "products".* FROM "products" WHERE "products"."id" = $1 LIMIT 1  [["id", "1"]]
  Rendered products/show.html.erb within layouts/application (0.8ms)
Completed 200 OK in 16ms (Views: 10.6ms | ActiveRecord: 4.2ms)


Started GET "/assets/products.js?body=1" for 127.0.0.1 at 2013-09-24 16:20:58 +0700
Served asset /products.js - 304 Not Modified (0ms)


Started GET "/assets/products.css?body=1" for 127.0.0.1 at 2013-09-24 16:20:58 +0700
Served asset /products.css - 304 Not Modified (0ms)


Started GET "/assets/scaffolds.css?body=1" for 127.0.0.1 at 2013-09-24 16:20:58 +0700
Served asset /scaffolds.css - 304 Not Modified (0ms)


Started GET "/products" for 127.0.0.1 at 2013-09-24 16:21:00 +0700
Processing by ProductsController#index as HTML
  [1m[36mProduct Load (0.4ms)[0m  [1mSELECT "products".* FROM "products" [0m
  Rendered products/index.html.erb within layouts/application (1.3ms)
Completed 200 OK in 7ms (Views: 6.0ms | ActiveRecord: 0.4ms)


Started GET "/assets/products.js?body=1" for 127.0.0.1 at 2013-09-24 16:21:00 +0700
Served asset /products.js - 304 Not Modified (0ms)


Started GET "/assets/scaffolds.css?body=1" for 127.0.0.1 at 2013-09-24 16:21:00 +0700
Served asset /scaffolds.css - 304 Not Modified (0ms)


Started GET "/assets/products.css?body=1" for 127.0.0.1 at 2013-09-24 16:21:00 +0700
Served asset /products.css - 304 Not Modified (0ms)
Connecting to database specified by database.yml
  [1m[36m (0.5ms)[0m  [1mSELECT "schema_migrations"."version" FROM "schema_migrations" [0m
  [1m[35mSQL (1.3ms)[0m  DELETE FROM "products"
  [1m[36m (0.2ms)[0m  [1mBEGIN[0m
  [1m[35mSQL (15.0ms)[0m  INSERT INTO "products" ("created_at", "description", "image_url", "price", "title", "updated_at") VALUES ($1, $2, $3, $4, $5, $6) RETURNING "id"  [["created_at", Tue, 24 Sep 2013 09:24:44 UTC +00:00], ["description", "<p>\n        CoffeeScript is JavaScript done right. It provides all of JavaScript's\n\tfunctionality wrapped in a cleaner, more succinct syntax. In the first\n\tbook on this exciting new language, CoffeeScript guru Trevor Burnham\n\tshows you how to hold onto all the power and flexibility of JavaScript\n\twhile writing clearer, cleaner, and safer code.\n      </p>"], ["image_url", "cs.jpg"], ["price", #<BigDecimal:7fe134c91838,'0.36E2',9(18)>], ["title", "CoffeeScript"], ["updated_at", Tue, 24 Sep 2013 09:24:44 UTC +00:00]]
  [1m[36m (0.6ms)[0m  [1mCOMMIT[0m
  [1m[35m (0.2ms)[0m  BEGIN
  [1m[36mSQL (0.5ms)[0m  [1mINSERT INTO "products" ("created_at", "description", "image_url", "price", "title", "updated_at") VALUES ($1, $2, $3, $4, $5, $6) RETURNING "id"[0m  [["created_at", Tue, 24 Sep 2013 09:24:44 UTC +00:00], ["description", "<p>\n        Ruby is the fastest growing and most exciting dynamic language\n        out there. If you need to get working programs delivered fast,\n        you should add Ruby to your toolbox.\n      </p>"], ["image_url", "ruby.jpg"], ["price", #<BigDecimal:7fe1348e0360,'0.4995E2',18(18)>], ["title", "Programming Ruby 1.9"], ["updated_at", Tue, 24 Sep 2013 09:24:44 UTC +00:00]]
  [1m[35m (0.5ms)[0m  COMMIT
  [1m[36m (0.2ms)[0m  [1mBEGIN[0m
  [1m[35mSQL (0.4ms)[0m  INSERT INTO "products" ("created_at", "description", "image_url", "price", "title", "updated_at") VALUES ($1, $2, $3, $4, $5, $6) RETURNING "id"  [["created_at", Tue, 24 Sep 2013 09:24:44 UTC +00:00], ["description", "<p>\n        <em>Rails Test Prescriptions</em> is a comprehensive guide to testing\n        Rails applications, covering Test-Driven Development from both a\n        theoretical perspective (why to test) and from a practical perspective\n        (how to test effectively). It covers the core Rails testing tools and\n        procedures for Rails 2 and Rails 3, and introduces popular add-ons,\n        including Cucumber, Shoulda, Machinist, Mocha, and Rcov.\n      </p>"], ["image_url", "rtp.jpg"], ["price", #<BigDecimal:7fe1348a0288,'0.3495E2',18(18)>], ["title", "Rails Test Prescriptions"], ["updated_at", Tue, 24 Sep 2013 09:24:44 UTC +00:00]]
  [1m[36m (0.5ms)[0m  [1mCOMMIT[0m


Started GET "/products" for 127.0.0.1 at 2013-09-24 16:25:02 +0700
Processing by ProductsController#index as HTML
  [1m[35mProduct Load (0.5ms)[0m  SELECT "products".* FROM "products" 
  Rendered products/index.html.erb within layouts/application (3.4ms)
Completed 200 OK in 10ms (Views: 8.5ms | ActiveRecord: 0.5ms)


Started GET "/assets/scaffolds.css?body=1" for 127.0.0.1 at 2013-09-24 16:25:02 +0700
Served asset /scaffolds.css - 304 Not Modified (0ms)


Started GET "/assets/products.css?body=1" for 127.0.0.1 at 2013-09-24 16:25:02 +0700
Served asset /products.css - 304 Not Modified (0ms)


Started GET "/assets/products.js?body=1" for 127.0.0.1 at 2013-09-24 16:25:02 +0700
Served asset /products.js - 304 Not Modified (0ms)


Started GET "/assets/application.js?body=1" for 127.0.0.1 at 2013-09-24 16:25:02 +0700
Served asset /application.js - 304 Not Modified (0ms)


Started GET "/assets/application.css?body=1" for 127.0.0.1 at 2013-09-24 16:25:02 +0700
Served asset /application.css - 304 Not Modified (0ms)


Started GET "/products" for 127.0.0.1 at 2013-09-24 16:58:23 +0700
Processing by ProductsController#index as HTML
  [1m[36mProduct Load (0.6ms)[0m  [1mSELECT "products".* FROM "products" [0m
  Rendered products/index.html.erb within layouts/application (257.8ms)
Compiled products.css  (30ms)  (pid 616)
Compiled application.css  (3ms)  (pid 616)
Completed 200 OK in 324ms (Views: 322.0ms | ActiveRecord: 0.6ms)


Started GET "/assets/application.css?body=1" for 127.0.0.1 at 2013-09-24 16:58:24 +0700
Served asset /application.css - 304 Not Modified (4ms)


Started GET "/assets/products.css?body=1" for 127.0.0.1 at 2013-09-24 16:58:24 +0700
Served asset /products.css - 200 OK (3ms)


Started GET "/assets/scaffolds.css?body=1" for 127.0.0.1 at 2013-09-24 16:58:24 +0700
Served asset /scaffolds.css - 304 Not Modified (0ms)


Started GET "/assets/application.js?body=1" for 127.0.0.1 at 2013-09-24 16:58:24 +0700
Served asset /application.js - 304 Not Modified (0ms)


Started GET "/assets/products.js?body=1" for 127.0.0.1 at 2013-09-24 16:58:24 +0700
Served asset /products.js - 304 Not Modified (0ms)


Started GET "/assets/cs.jpg" for 127.0.0.1 at 2013-09-24 16:58:24 +0700
Served asset /cs.jpg - 404 Not Found (3ms)

ActionController::RoutingError (No route matches [GET] "/assets/cs.jpg"):
  actionpack (3.2.14) lib/action_dispatch/middleware/debug_exceptions.rb:21:in `call'
  actionpack (3.2.14) lib/action_dispatch/middleware/show_exceptions.rb:56:in `call'
  railties (3.2.14) lib/rails/rack/logger.rb:32:in `call_app'
  railties (3.2.14) lib/rails/rack/logger.rb:16:in `block in call'
  activesupport (3.2.14) lib/active_support/tagged_logging.rb:22:in `tagged'
  railties (3.2.14) lib/rails/rack/logger.rb:16:in `call'
  actionpack (3.2.14) lib/action_dispatch/middleware/request_id.rb:22:in `call'
  rack (1.4.5) lib/rack/methodoverride.rb:21:in `call'
  rack (1.4.5) lib/rack/runtime.rb:17:in `call'
  activesupport (3.2.14) lib/active_support/cache/strategy/local_cache.rb:72:in `call'
  rack (1.4.5) lib/rack/lock.rb:15:in `call'
  actionpack (3.2.14) lib/action_dispatch/middleware/static.rb:63:in `call'
  railties (3.2.14) lib/rails/engine.rb:484:in `call'
  railties (3.2.14) lib/rails/application.rb:231:in `call'
  rack (1.4.5) lib/rack/content_length.rb:14:in `call'
  railties (3.2.14) lib/rails/rack/log_tailer.rb:17:in `call'
  rack (1.4.5) lib/rack/handler/webrick.rb:59:in `service'
  /Users/eastagile/.rvm/rubies/ruby-1.9.2-p290/lib/ruby/1.9.1/webrick/httpserver.rb:111:in `service'
  /Users/eastagile/.rvm/rubies/ruby-1.9.2-p290/lib/ruby/1.9.1/webrick/httpserver.rb:70:in `run'
  /Users/eastagile/.rvm/rubies/ruby-1.9.2-p290/lib/ruby/1.9.1/webrick/server.rb:183:in `block in start_thread'


  Rendered /Users/eastagile/.rvm/gems/ruby-1.9.2-p290/gems/actionpack-3.2.14/lib/action_dispatch/middleware/templates/rescues/routing_error.erb within rescues/layout (0.8ms)


Started GET "/assets/ruby.jpg" for 127.0.0.1 at 2013-09-24 16:58:24 +0700
Served asset /ruby.jpg - 404 Not Found (3ms)

ActionController::RoutingError (No route matches [GET] "/assets/ruby.jpg"):
  actionpack (3.2.14) lib/action_dispatch/middleware/debug_exceptions.rb:21:in `call'
  actionpack (3.2.14) lib/action_dispatch/middleware/show_exceptions.rb:56:in `call'
  railties (3.2.14) lib/rails/rack/logger.rb:32:in `call_app'
  railties (3.2.14) lib/rails/rack/logger.rb:16:in `block in call'
  activesupport (3.2.14) lib/active_support/tagged_logging.rb:22:in `tagged'
  railties (3.2.14) lib/rails/rack/logger.rb:16:in `call'
  actionpack (3.2.14) lib/action_dispatch/middleware/request_id.rb:22:in `call'
  rack (1.4.5) lib/rack/methodoverride.rb:21:in `call'
  rack (1.4.5) lib/rack/runtime.rb:17:in `call'
  activesupport (3.2.14) lib/active_support/cache/strategy/local_cache.rb:72:in `call'
  rack (1.4.5) lib/rack/lock.rb:15:in `call'
  actionpack (3.2.14) lib/action_dispatch/middleware/static.rb:63:in `call'
  railties (3.2.14) lib/rails/engine.rb:484:in `call'
  railties (3.2.14) lib/rails/application.rb:231:in `call'
  rack (1.4.5) lib/rack/content_length.rb:14:in `call'
  railties (3.2.14) lib/rails/rack/log_tailer.rb:17:in `call'
  rack (1.4.5) lib/rack/handler/webrick.rb:59:in `service'
  /Users/eastagile/.rvm/rubies/ruby-1.9.2-p290/lib/ruby/1.9.1/webrick/httpserver.rb:111:in `service'
  /Users/eastagile/.rvm/rubies/ruby-1.9.2-p290/lib/ruby/1.9.1/webrick/httpserver.rb:70:in `run'
  /Users/eastagile/.rvm/rubies/ruby-1.9.2-p290/lib/ruby/1.9.1/webrick/server.rb:183:in `block in start_thread'


  Rendered /Users/eastagile/.rvm/gems/ruby-1.9.2-p290/gems/actionpack-3.2.14/lib/action_dispatch/middleware/templates/rescues/routing_error.erb within rescues/layout (0.8ms)


Started GET "/assets/rtp.jpg" for 127.0.0.1 at 2013-09-24 16:58:24 +0700
Served asset /rtp.jpg - 404 Not Found (3ms)

ActionController::RoutingError (No route matches [GET] "/assets/rtp.jpg"):
  actionpack (3.2.14) lib/action_dispatch/middleware/debug_exceptions.rb:21:in `call'
  actionpack (3.2.14) lib/action_dispatch/middleware/show_exceptions.rb:56:in `call'
  railties (3.2.14) lib/rails/rack/logger.rb:32:in `call_app'
  railties (3.2.14) lib/rails/rack/logger.rb:16:in `block in call'
  activesupport (3.2.14) lib/active_support/tagged_logging.rb:22:in `tagged'
  railties (3.2.14) lib/rails/rack/logger.rb:16:in `call'
  actionpack (3.2.14) lib/action_dispatch/middleware/request_id.rb:22:in `call'
  rack (1.4.5) lib/rack/methodoverride.rb:21:in `call'
  rack (1.4.5) lib/rack/runtime.rb:17:in `call'
  activesupport (3.2.14) lib/active_support/cache/strategy/local_cache.rb:72:in `call'
  rack (1.4.5) lib/rack/lock.rb:15:in `call'
  actionpack (3.2.14) lib/action_dispatch/middleware/static.rb:63:in `call'
  railties (3.2.14) lib/rails/engine.rb:484:in `call'
  railties (3.2.14) lib/rails/application.rb:231:in `call'
  rack (1.4.5) lib/rack/content_length.rb:14:in `call'
  railties (3.2.14) lib/rails/rack/log_tailer.rb:17:in `call'
  rack (1.4.5) lib/rack/handler/webrick.rb:59:in `service'
  /Users/eastagile/.rvm/rubies/ruby-1.9.2-p290/lib/ruby/1.9.1/webrick/httpserver.rb:111:in `service'
  /Users/eastagile/.rvm/rubies/ruby-1.9.2-p290/lib/ruby/1.9.1/webrick/httpserver.rb:70:in `run'
  /Users/eastagile/.rvm/rubies/ruby-1.9.2-p290/lib/ruby/1.9.1/webrick/server.rb:183:in `block in start_thread'


  Rendered /Users/eastagile/.rvm/gems/ruby-1.9.2-p290/gems/actionpack-3.2.14/lib/action_dispatch/middleware/templates/rescues/routing_error.erb within rescues/layout (1.1ms)


Started GET "/products" for 127.0.0.1 at 2013-09-24 17:03:48 +0700
Processing by ProductsController#index as HTML
  [1m[35mProduct Load (0.6ms)[0m  SELECT "products".* FROM "products" 
  Rendered products/index.html.erb within layouts/application (5.2ms)
Completed 200 OK in 13ms (Views: 10.9ms | ActiveRecord: 0.6ms)


Started GET "/assets/scaffolds.css?body=1" for 127.0.0.1 at 2013-09-24 17:03:48 +0700
Served asset /scaffolds.css - 304 Not Modified (0ms)


Started GET "/assets/products.css?body=1" for 127.0.0.1 at 2013-09-24 17:03:48 +0700
Served asset /products.css - 304 Not Modified (0ms)


Started GET "/assets/products.js?body=1" for 127.0.0.1 at 2013-09-24 17:03:48 +0700
Served asset /products.js - 304 Not Modified (0ms)


Started GET "/assets/application.css?body=1" for 127.0.0.1 at 2013-09-24 17:03:48 +0700
Served asset /application.css - 304 Not Modified (0ms)


Started GET "/assets/application.js?body=1" for 127.0.0.1 at 2013-09-24 17:03:48 +0700
Served asset /application.js - 304 Not Modified (0ms)


Started GET "/assets/ruby.jpg" for 127.0.0.1 at 2013-09-24 17:03:48 +0700
Served asset /ruby.jpg - 404 Not Found (5ms)

ActionController::RoutingError (No route matches [GET] "/assets/ruby.jpg"):
  actionpack (3.2.14) lib/action_dispatch/middleware/debug_exceptions.rb:21:in `call'
  actionpack (3.2.14) lib/action_dispatch/middleware/show_exceptions.rb:56:in `call'
  railties (3.2.14) lib/rails/rack/logger.rb:32:in `call_app'
  railties (3.2.14) lib/rails/rack/logger.rb:16:in `block in call'
  activesupport (3.2.14) lib/active_support/tagged_logging.rb:22:in `tagged'
  railties (3.2.14) lib/rails/rack/logger.rb:16:in `call'
  actionpack (3.2.14) lib/action_dispatch/middleware/request_id.rb:22:in `call'
  rack (1.4.5) lib/rack/methodoverride.rb:21:in `call'
  rack (1.4.5) lib/rack/runtime.rb:17:in `call'
  activesupport (3.2.14) lib/active_support/cache/strategy/local_cache.rb:72:in `call'
  rack (1.4.5) lib/rack/lock.rb:15:in `call'
  actionpack (3.2.14) lib/action_dispatch/middleware/static.rb:63:in `call'
  railties (3.2.14) lib/rails/engine.rb:484:in `call'
  railties (3.2.14) lib/rails/application.rb:231:in `call'
  rack (1.4.5) lib/rack/content_length.rb:14:in `call'
  railties (3.2.14) lib/rails/rack/log_tailer.rb:17:in `call'
  rack (1.4.5) lib/rack/handler/webrick.rb:59:in `service'
  /Users/eastagile/.rvm/rubies/ruby-1.9.2-p290/lib/ruby/1.9.1/webrick/httpserver.rb:111:in `service'
  /Users/eastagile/.rvm/rubies/ruby-1.9.2-p290/lib/ruby/1.9.1/webrick/httpserver.rb:70:in `run'
  /Users/eastagile/.rvm/rubies/ruby-1.9.2-p290/lib/ruby/1.9.1/webrick/server.rb:183:in `block in start_thread'


  Rendered /Users/eastagile/.rvm/gems/ruby-1.9.2-p290/gems/actionpack-3.2.14/lib/action_dispatch/middleware/templates/rescues/routing_error.erb within rescues/layout (1.1ms)


Started GET "/assets/rtp.jpg" for 127.0.0.1 at 2013-09-24 17:03:48 +0700
Served asset /rtp.jpg - 404 Not Found (3ms)

ActionController::RoutingError (No route matches [GET] "/assets/rtp.jpg"):
  actionpack (3.2.14) lib/action_dispatch/middleware/debug_exceptions.rb:21:in `call'
  actionpack (3.2.14) lib/action_dispatch/middleware/show_exceptions.rb:56:in `call'
  railties (3.2.14) lib/rails/rack/logger.rb:32:in `call_app'
  railties (3.2.14) lib/rails/rack/logger.rb:16:in `block in call'
  activesupport (3.2.14) lib/active_support/tagged_logging.rb:22:in `tagged'
  railties (3.2.14) lib/rails/rack/logger.rb:16:in `call'
  actionpack (3.2.14) lib/action_dispatch/middleware/request_id.rb:22:in `call'
  rack (1.4.5) lib/rack/methodoverride.rb:21:in `call'
  rack (1.4.5) lib/rack/runtime.rb:17:in `call'
  activesupport (3.2.14) lib/active_support/cache/strategy/local_cache.rb:72:in `call'
  rack (1.4.5) lib/rack/lock.rb:15:in `call'
  actionpack (3.2.14) lib/action_dispatch/middleware/static.rb:63:in `call'
  railties (3.2.14) lib/rails/engine.rb:484:in `call'
  railties (3.2.14) lib/rails/application.rb:231:in `call'
  rack (1.4.5) lib/rack/content_length.rb:14:in `call'
  railties (3.2.14) lib/rails/rack/log_tailer.rb:17:in `call'
  rack (1.4.5) lib/rack/handler/webrick.rb:59:in `service'
  /Users/eastagile/.rvm/rubies/ruby-1.9.2-p290/lib/ruby/1.9.1/webrick/httpserver.rb:111:in `service'
  /Users/eastagile/.rvm/rubies/ruby-1.9.2-p290/lib/ruby/1.9.1/webrick/httpserver.rb:70:in `run'
  /Users/eastagile/.rvm/rubies/ruby-1.9.2-p290/lib/ruby/1.9.1/webrick/server.rb:183:in `block in start_thread'


  Rendered /Users/eastagile/.rvm/gems/ruby-1.9.2-p290/gems/actionpack-3.2.14/lib/action_dispatch/middleware/templates/rescues/routing_error.erb within rescues/layout (0.7ms)


Started GET "/assets/cs.jpg" for 127.0.0.1 at 2013-09-24 17:03:48 +0700
Served asset /cs.jpg - 404 Not Found (3ms)

ActionController::RoutingError (No route matches [GET] "/assets/cs.jpg"):
  actionpack (3.2.14) lib/action_dispatch/middleware/debug_exceptions.rb:21:in `call'
  actionpack (3.2.14) lib/action_dispatch/middleware/show_exceptions.rb:56:in `call'
  railties (3.2.14) lib/rails/rack/logger.rb:32:in `call_app'
  railties (3.2.14) lib/rails/rack/logger.rb:16:in `block in call'
  activesupport (3.2.14) lib/active_support/tagged_logging.rb:22:in `tagged'
  railties (3.2.14) lib/rails/rack/logger.rb:16:in `call'
  actionpack (3.2.14) lib/action_dispatch/middleware/request_id.rb:22:in `call'
  rack (1.4.5) lib/rack/methodoverride.rb:21:in `call'
  rack (1.4.5) lib/rack/runtime.rb:17:in `call'
  activesupport (3.2.14) lib/active_support/cache/strategy/local_cache.rb:72:in `call'
  rack (1.4.5) lib/rack/lock.rb:15:in `call'
  actionpack (3.2.14) lib/action_dispatch/middleware/static.rb:63:in `call'
  railties (3.2.14) lib/rails/engine.rb:484:in `call'
  railties (3.2.14) lib/rails/application.rb:231:in `call'
  rack (1.4.5) lib/rack/content_length.rb:14:in `call'
  railties (3.2.14) lib/rails/rack/log_tailer.rb:17:in `call'
  rack (1.4.5) lib/rack/handler/webrick.rb:59:in `service'
  /Users/eastagile/.rvm/rubies/ruby-1.9.2-p290/lib/ruby/1.9.1/webrick/httpserver.rb:111:in `service'
  /Users/eastagile/.rvm/rubies/ruby-1.9.2-p290/lib/ruby/1.9.1/webrick/httpserver.rb:70:in `run'
  /Users/eastagile/.rvm/rubies/ruby-1.9.2-p290/lib/ruby/1.9.1/webrick/server.rb:183:in `block in start_thread'


  Rendered /Users/eastagile/.rvm/gems/ruby-1.9.2-p290/gems/actionpack-3.2.14/lib/action_dispatch/middleware/templates/rescues/routing_error.erb within rescues/layout (0.7ms)


Started GET "/products" for 127.0.0.1 at 2013-09-24 17:03:50 +0700
Processing by ProductsController#index as HTML
  [1m[36mProduct Load (0.6ms)[0m  [1mSELECT "products".* FROM "products" [0m
  Rendered products/index.html.erb within layouts/application (5.4ms)
Completed 200 OK in 13ms (Views: 11.0ms | ActiveRecord: 0.6ms)


Started GET "/assets/application.js?body=1" for 127.0.0.1 at 2013-09-24 17:03:50 +0700
Served asset /application.js - 304 Not Modified (0ms)


Started GET "/assets/application.css?body=1" for 127.0.0.1 at 2013-09-24 17:03:50 +0700
Served asset /application.css - 304 Not Modified (0ms)


Started GET "/assets/scaffolds.css?body=1" for 127.0.0.1 at 2013-09-24 17:03:50 +0700
Served asset /scaffolds.css - 304 Not Modified (0ms)


Started GET "/assets/products.css?body=1" for 127.0.0.1 at 2013-09-24 17:03:50 +0700
Served asset /products.css - 304 Not Modified (0ms)


Started GET "/assets/products.js?body=1" for 127.0.0.1 at 2013-09-24 17:03:50 +0700
Served asset /products.js - 304 Not Modified (0ms)


Started GET "/assets/ruby.jpg" for 127.0.0.1 at 2013-09-24 17:03:50 +0700
Served asset /ruby.jpg - 404 Not Found (26ms)

ActionController::RoutingError (No route matches [GET] "/assets/ruby.jpg"):
  actionpack (3.2.14) lib/action_dispatch/middleware/debug_exceptions.rb:21:in `call'
  actionpack (3.2.14) lib/action_dispatch/middleware/show_exceptions.rb:56:in `call'
  railties (3.2.14) lib/rails/rack/logger.rb:32:in `call_app'
  railties (3.2.14) lib/rails/rack/logger.rb:16:in `block in call'
  activesupport (3.2.14) lib/active_support/tagged_logging.rb:22:in `tagged'
  railties (3.2.14) lib/rails/rack/logger.rb:16:in `call'
  actionpack (3.2.14) lib/action_dispatch/middleware/request_id.rb:22:in `call'
  rack (1.4.5) lib/rack/methodoverride.rb:21:in `call'
  rack (1.4.5) lib/rack/runtime.rb:17:in `call'
  activesupport (3.2.14) lib/active_support/cache/strategy/local_cache.rb:72:in `call'
  rack (1.4.5) lib/rack/lock.rb:15:in `call'
  actionpack (3.2.14) lib/action_dispatch/middleware/static.rb:63:in `call'
  railties (3.2.14) lib/rails/engine.rb:484:in `call'
  railties (3.2.14) lib/rails/application.rb:231:in `call'
  rack (1.4.5) lib/rack/content_length.rb:14:in `call'
  railties (3.2.14) lib/rails/rack/log_tailer.rb:17:in `call'
  rack (1.4.5) lib/rack/handler/webrick.rb:59:in `service'
  /Users/eastagile/.rvm/rubies/ruby-1.9.2-p290/lib/ruby/1.9.1/webrick/httpserver.rb:111:in `service'
  /Users/eastagile/.rvm/rubies/ruby-1.9.2-p290/lib/ruby/1.9.1/webrick/httpserver.rb:70:in `run'
  /Users/eastagile/.rvm/rubies/ruby-1.9.2-p290/lib/ruby/1.9.1/webrick/server.rb:183:in `block in start_thread'


  Rendered /Users/eastagile/.rvm/gems/ruby-1.9.2-p290/gems/actionpack-3.2.14/lib/action_dispatch/middleware/templates/rescues/routing_error.erb within rescues/layout (1.1ms)


Started GET "/assets/cs.jpg" for 127.0.0.1 at 2013-09-24 17:03:50 +0700
Served asset /cs.jpg - 404 Not Found (4ms)

ActionController::RoutingError (No route matches [GET] "/assets/cs.jpg"):
  actionpack (3.2.14) lib/action_dispatch/middleware/debug_exceptions.rb:21:in `call'
  actionpack (3.2.14) lib/action_dispatch/middleware/show_exceptions.rb:56:in `call'
  railties (3.2.14) lib/rails/rack/logger.rb:32:in `call_app'
  railties (3.2.14) lib/rails/rack/logger.rb:16:in `block in call'
  activesupport (3.2.14) lib/active_support/tagged_logging.rb:22:in `tagged'
  railties (3.2.14) lib/rails/rack/logger.rb:16:in `call'
  actionpack (3.2.14) lib/action_dispatch/middleware/request_id.rb:22:in `call'
  rack (1.4.5) lib/rack/methodoverride.rb:21:in `call'
  rack (1.4.5) lib/rack/runtime.rb:17:in `call'
  activesupport (3.2.14) lib/active_support/cache/strategy/local_cache.rb:72:in `call'
  rack (1.4.5) lib/rack/lock.rb:15:in `call'
  actionpack (3.2.14) lib/action_dispatch/middleware/static.rb:63:in `call'
  railties (3.2.14) lib/rails/engine.rb:484:in `call'
  railties (3.2.14) lib/rails/application.rb:231:in `call'
  rack (1.4.5) lib/rack/content_length.rb:14:in `call'
  railties (3.2.14) lib/rails/rack/log_tailer.rb:17:in `call'
  rack (1.4.5) lib/rack/handler/webrick.rb:59:in `service'
  /Users/eastagile/.rvm/rubies/ruby-1.9.2-p290/lib/ruby/1.9.1/webrick/httpserver.rb:111:in `service'
  /Users/eastagile/.rvm/rubies/ruby-1.9.2-p290/lib/ruby/1.9.1/webrick/httpserver.rb:70:in `run'
  /Users/eastagile/.rvm/rubies/ruby-1.9.2-p290/lib/ruby/1.9.1/webrick/server.rb:183:in `block in start_thread'


  Rendered /Users/eastagile/.rvm/gems/ruby-1.9.2-p290/gems/actionpack-3.2.14/lib/action_dispatch/middleware/templates/rescues/routing_error.erb within rescues/layout (1.0ms)


Started GET "/assets/rtp.jpg" for 127.0.0.1 at 2013-09-24 17:03:50 +0700
Served asset /rtp.jpg - 404 Not Found (2ms)

ActionController::RoutingError (No route matches [GET] "/assets/rtp.jpg"):
  actionpack (3.2.14) lib/action_dispatch/middleware/debug_exceptions.rb:21:in `call'
  actionpack (3.2.14) lib/action_dispatch/middleware/show_exceptions.rb:56:in `call'
  railties (3.2.14) lib/rails/rack/logger.rb:32:in `call_app'
  railties (3.2.14) lib/rails/rack/logger.rb:16:in `block in call'
  activesupport (3.2.14) lib/active_support/tagged_logging.rb:22:in `tagged'
  railties (3.2.14) lib/rails/rack/logger.rb:16:in `call'
  actionpack (3.2.14) lib/action_dispatch/middleware/request_id.rb:22:in `call'
  rack (1.4.5) lib/rack/methodoverride.rb:21:in `call'
  rack (1.4.5) lib/rack/runtime.rb:17:in `call'
  activesupport (3.2.14) lib/active_support/cache/strategy/local_cache.rb:72:in `call'
  rack (1.4.5) lib/rack/lock.rb:15:in `call'
  actionpack (3.2.14) lib/action_dispatch/middleware/static.rb:63:in `call'
  railties (3.2.14) lib/rails/engine.rb:484:in `call'
  railties (3.2.14) lib/rails/application.rb:231:in `call'
  rack (1.4.5) lib/rack/content_length.rb:14:in `call'
  railties (3.2.14) lib/rails/rack/log_tailer.rb:17:in `call'
  rack (1.4.5) lib/rack/handler/webrick.rb:59:in `service'
  /Users/eastagile/.rvm/rubies/ruby-1.9.2-p290/lib/ruby/1.9.1/webrick/httpserver.rb:111:in `service'
  /Users/eastagile/.rvm/rubies/ruby-1.9.2-p290/lib/ruby/1.9.1/webrick/httpserver.rb:70:in `run'
  /Users/eastagile/.rvm/rubies/ruby-1.9.2-p290/lib/ruby/1.9.1/webrick/server.rb:183:in `block in start_thread'


  Rendered /Users/eastagile/.rvm/gems/ruby-1.9.2-p290/gems/actionpack-3.2.14/lib/action_dispatch/middleware/templates/rescues/routing_error.erb within rescues/layout (63.7ms)


Started GET "/products" for 127.0.0.1 at 2013-09-24 17:04:50 +0700
Processing by ProductsController#index as HTML
  [1m[35mProduct Load (0.6ms)[0m  SELECT "products".* FROM "products" 
  Rendered products/index.html.erb within layouts/application (5.4ms)
Completed 200 OK in 13ms (Views: 10.5ms | ActiveRecord: 0.6ms)


Started GET "/assets/scaffolds.css?body=1" for 127.0.0.1 at 2013-09-24 17:04:50 +0700
Served asset /scaffolds.css - 304 Not Modified (0ms)


Started GET "/assets/products.css?body=1" for 127.0.0.1 at 2013-09-24 17:04:50 +0700
Served asset /products.css - 304 Not Modified (2ms)


Started GET "/assets/application.js?body=1" for 127.0.0.1 at 2013-09-24 17:04:50 +0700
Served asset /application.js - 304 Not Modified (0ms)


Started GET "/assets/products.js?body=1" for 127.0.0.1 at 2013-09-24 17:04:50 +0700
Served asset /products.js - 304 Not Modified (0ms)


Started GET "/assets/application.css?body=1" for 127.0.0.1 at 2013-09-24 17:04:50 +0700
Served asset /application.css - 304 Not Modified (0ms)


Started GET "/assets/ruby.jpg" for 127.0.0.1 at 2013-09-24 17:04:50 +0700
Served asset /ruby.jpg - 404 Not Found (3ms)

ActionController::RoutingError (No route matches [GET] "/assets/ruby.jpg"):
  actionpack (3.2.14) lib/action_dispatch/middleware/debug_exceptions.rb:21:in `call'
  actionpack (3.2.14) lib/action_dispatch/middleware/show_exceptions.rb:56:in `call'
  railties (3.2.14) lib/rails/rack/logger.rb:32:in `call_app'
  railties (3.2.14) lib/rails/rack/logger.rb:16:in `block in call'
  activesupport (3.2.14) lib/active_support/tagged_logging.rb:22:in `tagged'
  railties (3.2.14) lib/rails/rack/logger.rb:16:in `call'
  actionpack (3.2.14) lib/action_dispatch/middleware/request_id.rb:22:in `call'
  rack (1.4.5) lib/rack/methodoverride.rb:21:in `call'
  rack (1.4.5) lib/rack/runtime.rb:17:in `call'
  activesupport (3.2.14) lib/active_support/cache/strategy/local_cache.rb:72:in `call'
  rack (1.4.5) lib/rack/lock.rb:15:in `call'
  actionpack (3.2.14) lib/action_dispatch/middleware/static.rb:63:in `call'
  railties (3.2.14) lib/rails/engine.rb:484:in `call'
  railties (3.2.14) lib/rails/application.rb:231:in `call'
  rack (1.4.5) lib/rack/content_length.rb:14:in `call'
  railties (3.2.14) lib/rails/rack/log_tailer.rb:17:in `call'
  rack (1.4.5) lib/rack/handler/webrick.rb:59:in `service'
  /Users/eastagile/.rvm/rubies/ruby-1.9.2-p290/lib/ruby/1.9.1/webrick/httpserver.rb:111:in `service'
  /Users/eastagile/.rvm/rubies/ruby-1.9.2-p290/lib/ruby/1.9.1/webrick/httpserver.rb:70:in `run'
  /Users/eastagile/.rvm/rubies/ruby-1.9.2-p290/lib/ruby/1.9.1/webrick/server.rb:183:in `block in start_thread'


  Rendered /Users/eastagile/.rvm/gems/ruby-1.9.2-p290/gems/actionpack-3.2.14/lib/action_dispatch/middleware/templates/rescues/routing_error.erb within rescues/layout (3.4ms)


Started GET "/assets/rtp.jpg" for 127.0.0.1 at 2013-09-24 17:04:50 +0700
Served asset /rtp.jpg - 200 OK (17ms)


Started GET "/assets/cs.jpg" for 127.0.0.1 at 2013-09-24 17:04:50 +0700
Served asset /cs.jpg - 404 Not Found (3ms)

ActionController::RoutingError (No route matches [GET] "/assets/cs.jpg"):
  actionpack (3.2.14) lib/action_dispatch/middleware/debug_exceptions.rb:21:in `call'
  actionpack (3.2.14) lib/action_dispatch/middleware/show_exceptions.rb:56:in `call'
  railties (3.2.14) lib/rails/rack/logger.rb:32:in `call_app'
  railties (3.2.14) lib/rails/rack/logger.rb:16:in `block in call'
  activesupport (3.2.14) lib/active_support/tagged_logging.rb:22:in `tagged'
  railties (3.2.14) lib/rails/rack/logger.rb:16:in `call'
  actionpack (3.2.14) lib/action_dispatch/middleware/request_id.rb:22:in `call'
  rack (1.4.5) lib/rack/methodoverride.rb:21:in `call'
  rack (1.4.5) lib/rack/runtime.rb:17:in `call'
  activesupport (3.2.14) lib/active_support/cache/strategy/local_cache.rb:72:in `call'
  rack (1.4.5) lib/rack/lock.rb:15:in `call'
  actionpack (3.2.14) lib/action_dispatch/middleware/static.rb:63:in `call'
  railties (3.2.14) lib/rails/engine.rb:484:in `call'
  railties (3.2.14) lib/rails/application.rb:231:in `call'
  rack (1.4.5) lib/rack/content_length.rb:14:in `call'
  railties (3.2.14) lib/rails/rack/log_tailer.rb:17:in `call'
  rack (1.4.5) lib/rack/handler/webrick.rb:59:in `service'
  /Users/eastagile/.rvm/rubies/ruby-1.9.2-p290/lib/ruby/1.9.1/webrick/httpserver.rb:111:in `service'
  /Users/eastagile/.rvm/rubies/ruby-1.9.2-p290/lib/ruby/1.9.1/webrick/httpserver.rb:70:in `run'
  /Users/eastagile/.rvm/rubies/ruby-1.9.2-p290/lib/ruby/1.9.1/webrick/server.rb:183:in `block in start_thread'


  Rendered /Users/eastagile/.rvm/gems/ruby-1.9.2-p290/gems/actionpack-3.2.14/lib/action_dispatch/middleware/templates/rescues/routing_error.erb within rescues/layout (0.9ms)


Started GET "/products/" for 127.0.0.1 at 2013-09-24 17:11:31 +0700
Processing by ProductsController#index as HTML
  [1m[36mProduct Load (0.5ms)[0m  [1mSELECT "products".* FROM "products" [0m
  Rendered products/index.html.erb within layouts/application (6.6ms)
Completed 200 OK in 14ms (Views: 11.4ms | ActiveRecord: 0.5ms)


Started GET "/assets/scaffolds.css?body=1" for 127.0.0.1 at 2013-09-24 17:11:31 +0700
Served asset /scaffolds.css - 304 Not Modified (0ms)


Started GET "/assets/products.js?body=1" for 127.0.0.1 at 2013-09-24 17:11:31 +0700
Served asset /products.js - 304 Not Modified (0ms)


Started GET "/assets/application.js?body=1" for 127.0.0.1 at 2013-09-24 17:11:31 +0700
Served asset /application.js - 304 Not Modified (0ms)


Started GET "/assets/application.css?body=1" for 127.0.0.1 at 2013-09-24 17:11:31 +0700
Served asset /application.css - 304 Not Modified (0ms)


Started GET "/assets/products.css?body=1" for 127.0.0.1 at 2013-09-24 17:11:31 +0700
Served asset /products.css - 304 Not Modified (0ms)


Started GET "/assets/cs.jpg" for 127.0.0.1 at 2013-09-24 17:11:31 +0700
Served asset /cs.jpg - 200 OK (5ms)


Started GET "/assets/ruby.jpg" for 127.0.0.1 at 2013-09-24 17:11:31 +0700
Served asset /ruby.jpg - 200 OK (4ms)


Started GET "/assets/rtp.jpg" for 127.0.0.1 at 2013-09-24 17:11:31 +0700
Served asset /rtp.jpg - 304 Not Modified (0ms)


Started DELETE "/products/2" for 127.0.0.1 at 2013-09-24 17:13:33 +0700
Processing by ProductsController#destroy as HTML
  Parameters: {"authenticity_token"=>"amUBM4QgUAtSI4Vy9as+70LneZgpwP1IORJ1GZqG+QE=", "id"=>"2"}
  [1m[35mProduct Load (0.6ms)[0m  SELECT "products".* FROM "products" WHERE "products"."id" = $1 LIMIT 1  [["id", "2"]]
  [1m[36m (0.2ms)[0m  [1mBEGIN[0m
  [1m[35mSQL (9.4ms)[0m  DELETE FROM "products" WHERE "products"."id" = $1  [["id", 2]]
  [1m[36m (10.6ms)[0m  [1mCOMMIT[0m
Redirected to http://localhost:3000/products
Completed 302 Found in 25ms (ActiveRecord: 20.8ms)


Started GET "/products" for 127.0.0.1 at 2013-09-24 17:13:33 +0700
Processing by ProductsController#index as HTML
  [1m[35mProduct Load (0.5ms)[0m  SELECT "products".* FROM "products" 
  Rendered products/index.html.erb within layouts/application (3.5ms)
Completed 200 OK in 21ms (Views: 19.9ms | ActiveRecord: 0.5ms)


Started GET "/assets/products.css?body=1" for 127.0.0.1 at 2013-09-24 17:13:33 +0700
Served asset /products.css - 304 Not Modified (0ms)


Started GET "/assets/jquery.js?body=1" for 127.0.0.1 at 2013-09-24 17:13:33 +0700
Served asset /jquery.js - 304 Not Modified (0ms)


Started GET "/assets/jquery_ujs.js?body=1" for 127.0.0.1 at 2013-09-24 17:13:33 +0700
Served asset /jquery_ujs.js - 304 Not Modified (0ms)


Started GET "/assets/products.js?body=1" for 127.0.0.1 at 2013-09-24 17:13:33 +0700
Served asset /products.js - 304 Not Modified (0ms)


Started GET "/assets/scaffolds.css?body=1" for 127.0.0.1 at 2013-09-24 17:13:33 +0700
Served asset /scaffolds.css - 304 Not Modified (0ms)


Started GET "/assets/application.css?body=1" for 127.0.0.1 at 2013-09-24 17:13:33 +0700
Served asset /application.css - 304 Not Modified (0ms)


Started GET "/assets/application.js?body=1" for 127.0.0.1 at 2013-09-24 17:13:33 +0700
Served asset /application.js - 304 Not Modified (0ms)


Started GET "/assets/rtp.jpg" for 127.0.0.1 at 2013-09-24 17:13:33 +0700
Served asset /rtp.jpg - 304 Not Modified (0ms)


Started GET "/assets/ruby.jpg" for 127.0.0.1 at 2013-09-24 17:13:33 +0700
Served asset /ruby.jpg - 304 Not Modified (0ms)
Connecting to database specified by database.yml
  [1m[36m (0.5ms)[0m  [1mSELECT "schema_migrations"."version" FROM "schema_migrations" [0m
  [1m[35mSQL (1.4ms)[0m  DELETE FROM "products"
  [1m[36m (0.2ms)[0m  [1mBEGIN[0m
  [1m[35mSQL (15.8ms)[0m  INSERT INTO "products" ("created_at", "description", "image_url", "price", "title", "updated_at") VALUES ($1, $2, $3, $4, $5, $6) RETURNING "id"  [["created_at", Tue, 24 Sep 2013 10:15:20 UTC +00:00], ["description", "<p>\n        CoffeeScript is JavaScript done right. It provides all of JavaScript's\n\tfunctionality wrapped in a cleaner, more succinct syntax. In the first\n\tbook on this exciting new language, CoffeeScript guru Trevor Burnham\n\tshows you how to hold onto all the power and flexibility of JavaScript\n\twhile writing clearer, cleaner, and safer code.\n      </p>"], ["image_url", "cs.jpeg"], ["price", #<BigDecimal:7ffa14bdc4a8,'0.36E2',9(18)>], ["title", "CoffeeScript"], ["updated_at", Tue, 24 Sep 2013 10:15:20 UTC +00:00]]
  [1m[36m (0.5ms)[0m  [1mCOMMIT[0m
  [1m[35m (0.1ms)[0m  BEGIN
  [1m[36mSQL (0.8ms)[0m  [1mINSERT INTO "products" ("created_at", "description", "image_url", "price", "title", "updated_at") VALUES ($1, $2, $3, $4, $5, $6) RETURNING "id"[0m  [["created_at", Tue, 24 Sep 2013 10:15:20 UTC +00:00], ["description", "<p>\n        Ruby is the fastest growing and most exciting dynamic language\n        out there. If you need to get working programs delivered fast,\n        you should add Ruby to your toolbox.\n      </p>"], ["image_url", "ruby.jpeg"], ["price", #<BigDecimal:7ffa13fd2540,'0.4995E2',18(18)>], ["title", "Programming Ruby 1.9"], ["updated_at", Tue, 24 Sep 2013 10:15:20 UTC +00:00]]
  [1m[35m (0.5ms)[0m  COMMIT
  [1m[36m (0.1ms)[0m  [1mBEGIN[0m
  [1m[35mSQL (0.5ms)[0m  INSERT INTO "products" ("created_at", "description", "image_url", "price", "title", "updated_at") VALUES ($1, $2, $3, $4, $5, $6) RETURNING "id"  [["created_at", Tue, 24 Sep 2013 10:15:20 UTC +00:00], ["description", "<p>\n        <em>Rails Test Prescriptions</em> is a comprehensive guide to testing\n        Rails applications, covering Test-Driven Development from both a\n        theoretical perspective (why to test) and from a practical perspective\n        (how to test effectively). It covers the core Rails testing tools and\n        procedures for Rails 2 and Rails 3, and introduces popular add-ons,\n        including Cucumber, Shoulda, Machinist, Mocha, and Rcov.\n      </p>"], ["image_url", "rtp.jpg"], ["price", #<BigDecimal:7ffa13e31100,'0.3495E2',18(18)>], ["title", "Rails Test Prescriptions"], ["updated_at", Tue, 24 Sep 2013 10:15:20 UTC +00:00]]
  [1m[36m (0.4ms)[0m  [1mCOMMIT[0m


Started GET "/products" for 127.0.0.1 at 2013-09-24 17:15:34 +0700
Connecting to database specified by database.yml
Processing by ProductsController#index as HTML
  [1m[36mProduct Load (0.6ms)[0m  [1mSELECT "products".* FROM "products" [0m
  Rendered products/index.html.erb within layouts/application (168.9ms)
Completed 200 OK in 377ms (Views: 239.6ms | ActiveRecord: 18.5ms)


Started GET "/assets/application.css?body=1" for 127.0.0.1 at 2013-09-24 17:15:35 +0700
Served asset /application.css - 304 Not Modified (13ms)


Started GET "/assets/scaffolds.css?body=1" for 127.0.0.1 at 2013-09-24 17:15:35 +0700
Served asset /scaffolds.css - 304 Not Modified (3ms)


Started GET "/assets/jquery.js?body=1" for 127.0.0.1 at 2013-09-24 17:15:35 +0700
Served asset /jquery.js - 304 Not Modified (3ms)


Started GET "/assets/jquery_ujs.js?body=1" for 127.0.0.1 at 2013-09-24 17:15:35 +0700
Served asset /jquery_ujs.js - 304 Not Modified (3ms)


Started GET "/assets/products.js?body=1" for 127.0.0.1 at 2013-09-24 17:15:35 +0700
Served asset /products.js - 304 Not Modified (2ms)


Started GET "/assets/products.css?body=1" for 127.0.0.1 at 2013-09-24 17:15:35 +0700
Served asset /products.css - 304 Not Modified (2ms)


Started GET "/assets/application.js?body=1" for 127.0.0.1 at 2013-09-24 17:15:35 +0700
Served asset /application.js - 304 Not Modified (70ms)


Started GET "/assets/ruby.jpeg" for 127.0.0.1 at 2013-09-24 17:15:35 +0700
Served asset /ruby.jpeg - 404 Not Found (3ms)

ActionController::RoutingError (No route matches [GET] "/assets/ruby.jpeg"):
  actionpack (3.2.14) lib/action_dispatch/middleware/debug_exceptions.rb:21:in `call'
  actionpack (3.2.14) lib/action_dispatch/middleware/show_exceptions.rb:56:in `call'
  railties (3.2.14) lib/rails/rack/logger.rb:32:in `call_app'
  railties (3.2.14) lib/rails/rack/logger.rb:16:in `block in call'
  activesupport (3.2.14) lib/active_support/tagged_logging.rb:22:in `tagged'
  railties (3.2.14) lib/rails/rack/logger.rb:16:in `call'
  actionpack (3.2.14) lib/action_dispatch/middleware/request_id.rb:22:in `call'
  rack (1.4.5) lib/rack/methodoverride.rb:21:in `call'
  rack (1.4.5) lib/rack/runtime.rb:17:in `call'
  activesupport (3.2.14) lib/active_support/cache/strategy/local_cache.rb:72:in `call'
  rack (1.4.5) lib/rack/lock.rb:15:in `call'
  actionpack (3.2.14) lib/action_dispatch/middleware/static.rb:63:in `call'
  railties (3.2.14) lib/rails/engine.rb:484:in `call'
  railties (3.2.14) lib/rails/application.rb:231:in `call'
  rack (1.4.5) lib/rack/content_length.rb:14:in `call'
  railties (3.2.14) lib/rails/rack/log_tailer.rb:17:in `call'
  rack (1.4.5) lib/rack/handler/webrick.rb:59:in `service'
  /Users/eastagile/.rvm/rubies/ruby-1.9.2-p290/lib/ruby/1.9.1/webrick/httpserver.rb:111:in `service'
  /Users/eastagile/.rvm/rubies/ruby-1.9.2-p290/lib/ruby/1.9.1/webrick/httpserver.rb:70:in `run'
  /Users/eastagile/.rvm/rubies/ruby-1.9.2-p290/lib/ruby/1.9.1/webrick/server.rb:183:in `block in start_thread'


  Rendered /Users/eastagile/.rvm/gems/ruby-1.9.2-p290/gems/actionpack-3.2.14/lib/action_dispatch/middleware/templates/rescues/routing_error.erb within rescues/layout (0.9ms)


Started GET "/assets/rtp.jpg" for 127.0.0.1 at 2013-09-24 17:15:36 +0700
Served asset /rtp.jpg - 304 Not Modified (1ms)


Started GET "/assets/cs.jpeg" for 127.0.0.1 at 2013-09-24 17:15:36 +0700
Served asset /cs.jpeg - 404 Not Found (17ms)

ActionController::RoutingError (No route matches [GET] "/assets/cs.jpeg"):
  actionpack (3.2.14) lib/action_dispatch/middleware/debug_exceptions.rb:21:in `call'
  actionpack (3.2.14) lib/action_dispatch/middleware/show_exceptions.rb:56:in `call'
  railties (3.2.14) lib/rails/rack/logger.rb:32:in `call_app'
  railties (3.2.14) lib/rails/rack/logger.rb:16:in `block in call'
  activesupport (3.2.14) lib/active_support/tagged_logging.rb:22:in `tagged'
  railties (3.2.14) lib/rails/rack/logger.rb:16:in `call'
  actionpack (3.2.14) lib/action_dispatch/middleware/request_id.rb:22:in `call'
  rack (1.4.5) lib/rack/methodoverride.rb:21:in `call'
  rack (1.4.5) lib/rack/runtime.rb:17:in `call'
  activesupport (3.2.14) lib/active_support/cache/strategy/local_cache.rb:72:in `call'
  rack (1.4.5) lib/rack/lock.rb:15:in `call'
  actionpack (3.2.14) lib/action_dispatch/middleware/static.rb:63:in `call'
  railties (3.2.14) lib/rails/engine.rb:484:in `call'
  railties (3.2.14) lib/rails/application.rb:231:in `call'
  rack (1.4.5) lib/rack/content_length.rb:14:in `call'
  railties (3.2.14) lib/rails/rack/log_tailer.rb:17:in `call'
  rack (1.4.5) lib/rack/handler/webrick.rb:59:in `service'
  /Users/eastagile/.rvm/rubies/ruby-1.9.2-p290/lib/ruby/1.9.1/webrick/httpserver.rb:111:in `service'
  /Users/eastagile/.rvm/rubies/ruby-1.9.2-p290/lib/ruby/1.9.1/webrick/httpserver.rb:70:in `run'
  /Users/eastagile/.rvm/rubies/ruby-1.9.2-p290/lib/ruby/1.9.1/webrick/server.rb:183:in `block in start_thread'


  Rendered /Users/eastagile/.rvm/gems/ruby-1.9.2-p290/gems/actionpack-3.2.14/lib/action_dispatch/middleware/templates/rescues/routing_error.erb within rescues/layout (0.9ms)


Started GET "/products" for 127.0.0.1 at 2013-09-24 17:15:39 +0700
Processing by ProductsController#index as HTML
  [1m[35mProduct Load (0.5ms)[0m  SELECT "products".* FROM "products" 
  Rendered products/index.html.erb within layouts/application (4.3ms)
Completed 200 OK in 12ms (Views: 9.9ms | ActiveRecord: 0.5ms)


Started GET "/assets/application.css?body=1" for 127.0.0.1 at 2013-09-24 17:15:39 +0700
Served asset /application.css - 304 Not Modified (0ms)


Started GET "/assets/products.css?body=1" for 127.0.0.1 at 2013-09-24 17:15:39 +0700
Served asset /products.css - 304 Not Modified (0ms)


Started GET "/assets/scaffolds.css?body=1" for 127.0.0.1 at 2013-09-24 17:15:39 +0700
Served asset /scaffolds.css - 304 Not Modified (0ms)


Started GET "/assets/products.js?body=1" for 127.0.0.1 at 2013-09-24 17:15:39 +0700
Served asset /products.js - 304 Not Modified (0ms)


Started GET "/assets/jquery.js?body=1" for 127.0.0.1 at 2013-09-24 17:15:39 +0700
Served asset /jquery.js - 304 Not Modified (0ms)


Started GET "/assets/jquery_ujs.js?body=1" for 127.0.0.1 at 2013-09-24 17:15:39 +0700
Served asset /jquery_ujs.js - 304 Not Modified (0ms)


Started GET "/assets/application.js?body=1" for 127.0.0.1 at 2013-09-24 17:15:39 +0700
Served asset /application.js - 304 Not Modified (0ms)


Started GET "/assets/rtp.jpg" for 127.0.0.1 at 2013-09-24 17:15:39 +0700
Served asset /rtp.jpg - 304 Not Modified (0ms)


Started GET "/assets/ruby.jpeg" for 127.0.0.1 at 2013-09-24 17:15:39 +0700
Served asset /ruby.jpeg - 404 Not Found (3ms)

ActionController::RoutingError (No route matches [GET] "/assets/ruby.jpeg"):
  actionpack (3.2.14) lib/action_dispatch/middleware/debug_exceptions.rb:21:in `call'
  actionpack (3.2.14) lib/action_dispatch/middleware/show_exceptions.rb:56:in `call'
  railties (3.2.14) lib/rails/rack/logger.rb:32:in `call_app'
  railties (3.2.14) lib/rails/rack/logger.rb:16:in `block in call'
  activesupport (3.2.14) lib/active_support/tagged_logging.rb:22:in `tagged'
  railties (3.2.14) lib/rails/rack/logger.rb:16:in `call'
  actionpack (3.2.14) lib/action_dispatch/middleware/request_id.rb:22:in `call'
  rack (1.4.5) lib/rack/methodoverride.rb:21:in `call'
  rack (1.4.5) lib/rack/runtime.rb:17:in `call'
  activesupport (3.2.14) lib/active_support/cache/strategy/local_cache.rb:72:in `call'
  rack (1.4.5) lib/rack/lock.rb:15:in `call'
  actionpack (3.2.14) lib/action_dispatch/middleware/static.rb:63:in `call'
  railties (3.2.14) lib/rails/engine.rb:484:in `call'
  railties (3.2.14) lib/rails/application.rb:231:in `call'
  rack (1.4.5) lib/rack/content_length.rb:14:in `call'
  railties (3.2.14) lib/rails/rack/log_tailer.rb:17:in `call'
  rack (1.4.5) lib/rack/handler/webrick.rb:59:in `service'
  /Users/eastagile/.rvm/rubies/ruby-1.9.2-p290/lib/ruby/1.9.1/webrick/httpserver.rb:111:in `service'
  /Users/eastagile/.rvm/rubies/ruby-1.9.2-p290/lib/ruby/1.9.1/webrick/httpserver.rb:70:in `run'
  /Users/eastagile/.rvm/rubies/ruby-1.9.2-p290/lib/ruby/1.9.1/webrick/server.rb:183:in `block in start_thread'


  Rendered /Users/eastagile/.rvm/gems/ruby-1.9.2-p290/gems/actionpack-3.2.14/lib/action_dispatch/middleware/templates/rescues/routing_error.erb within rescues/layout (0.7ms)


Started GET "/assets/cs.jpeg" for 127.0.0.1 at 2013-09-24 17:15:39 +0700
Served asset /cs.jpeg - 404 Not Found (4ms)

ActionController::RoutingError (No route matches [GET] "/assets/cs.jpeg"):
  actionpack (3.2.14) lib/action_dispatch/middleware/debug_exceptions.rb:21:in `call'
  actionpack (3.2.14) lib/action_dispatch/middleware/show_exceptions.rb:56:in `call'
  railties (3.2.14) lib/rails/rack/logger.rb:32:in `call_app'
  railties (3.2.14) lib/rails/rack/logger.rb:16:in `block in call'
  activesupport (3.2.14) lib/active_support/tagged_logging.rb:22:in `tagged'
  railties (3.2.14) lib/rails/rack/logger.rb:16:in `call'
  actionpack (3.2.14) lib/action_dispatch/middleware/request_id.rb:22:in `call'
  rack (1.4.5) lib/rack/methodoverride.rb:21:in `call'
  rack (1.4.5) lib/rack/runtime.rb:17:in `call'
  activesupport (3.2.14) lib/active_support/cache/strategy/local_cache.rb:72:in `call'
  rack (1.4.5) lib/rack/lock.rb:15:in `call'
  actionpack (3.2.14) lib/action_dispatch/middleware/static.rb:63:in `call'
  railties (3.2.14) lib/rails/engine.rb:484:in `call'
  railties (3.2.14) lib/rails/application.rb:231:in `call'
  rack (1.4.5) lib/rack/content_length.rb:14:in `call'
  railties (3.2.14) lib/rails/rack/log_tailer.rb:17:in `call'
  rack (1.4.5) lib/rack/handler/webrick.rb:59:in `service'
  /Users/eastagile/.rvm/rubies/ruby-1.9.2-p290/lib/ruby/1.9.1/webrick/httpserver.rb:111:in `service'
  /Users/eastagile/.rvm/rubies/ruby-1.9.2-p290/lib/ruby/1.9.1/webrick/httpserver.rb:70:in `run'
  /Users/eastagile/.rvm/rubies/ruby-1.9.2-p290/lib/ruby/1.9.1/webrick/server.rb:183:in `block in start_thread'


  Rendered /Users/eastagile/.rvm/gems/ruby-1.9.2-p290/gems/actionpack-3.2.14/lib/action_dispatch/middleware/templates/rescues/routing_error.erb within rescues/layout (0.7ms)
Connecting to database specified by database.yml
  [1m[36m (0.4ms)[0m  [1mSELECT "schema_migrations"."version" FROM "schema_migrations" [0m
  [1m[35mSQL (1.3ms)[0m  DELETE FROM "products"
  [1m[36m (0.2ms)[0m  [1mBEGIN[0m
  [1m[35mSQL (15.5ms)[0m  INSERT INTO "products" ("created_at", "description", "image_url", "price", "title", "updated_at") VALUES ($1, $2, $3, $4, $5, $6) RETURNING "id"  [["created_at", Tue, 24 Sep 2013 10:16:13 UTC +00:00], ["description", "<p>\n        CoffeeScript is JavaScript done right. It provides all of JavaScript's\n\tfunctionality wrapped in a cleaner, more succinct syntax. In the first\n\tbook on this exciting new language, CoffeeScript guru Trevor Burnham\n\tshows you how to hold onto all the power and flexibility of JavaScript\n\twhile writing clearer, cleaner, and safer code.\n      </p>"], ["image_url", "cs.jpg"], ["price", #<BigDecimal:7f8d13c1fac8,'0.36E2',9(18)>], ["title", "CoffeeScript"], ["updated_at", Tue, 24 Sep 2013 10:16:13 UTC +00:00]]
  [1m[36m (0.5ms)[0m  [1mCOMMIT[0m
  [1m[35m (0.2ms)[0m  BEGIN
  [1m[36mSQL (0.5ms)[0m  [1mINSERT INTO "products" ("created_at", "description", "image_url", "price", "title", "updated_at") VALUES ($1, $2, $3, $4, $5, $6) RETURNING "id"[0m  [["created_at", Tue, 24 Sep 2013 10:16:13 UTC +00:00], ["description", "<p>\n        Ruby is the fastest growing and most exciting dynamic language\n        out there. If you need to get working programs delivered fast,\n        you should add Ruby to your toolbox.\n      </p>"], ["image_url", "ruby.jpg"], ["price", #<BigDecimal:7f8d12c02528,'0.4995E2',18(18)>], ["title", "Programming Ruby 1.9"], ["updated_at", Tue, 24 Sep 2013 10:16:13 UTC +00:00]]
  [1m[35m (0.4ms)[0m  COMMIT
  [1m[36m (0.1ms)[0m  [1mBEGIN[0m
  [1m[35mSQL (0.4ms)[0m  INSERT INTO "products" ("created_at", "description", "image_url", "price", "title", "updated_at") VALUES ($1, $2, $3, $4, $5, $6) RETURNING "id"  [["created_at", Tue, 24 Sep 2013 10:16:13 UTC +00:00], ["description", "<p>\n        <em>Rails Test Prescriptions</em> is a comprehensive guide to testing\n        Rails applications, covering Test-Driven Development from both a\n        theoretical perspective (why to test) and from a practical perspective\n        (how to test effectively). It covers the core Rails testing tools and\n        procedures for Rails 2 and Rails 3, and introduces popular add-ons,\n        including Cucumber, Shoulda, Machinist, Mocha, and Rcov.\n      </p>"], ["image_url", "rtp.jpg"], ["price", #<BigDecimal:7f8d12b7f2e0,'0.3495E2',18(18)>], ["title", "Rails Test Prescriptions"], ["updated_at", Tue, 24 Sep 2013 10:16:13 UTC +00:00]]
  [1m[36m (0.4ms)[0m  [1mCOMMIT[0m


Started GET "/products" for 127.0.0.1 at 2013-09-24 17:16:16 +0700
Processing by ProductsController#index as HTML
  [1m[36mProduct Load (0.5ms)[0m  [1mSELECT "products".* FROM "products" [0m
  Rendered products/index.html.erb within layouts/application (4.2ms)
Completed 200 OK in 11ms (Views: 9.1ms | ActiveRecord: 0.5ms)


Started GET "/assets/products.css?body=1" for 127.0.0.1 at 2013-09-24 17:16:16 +0700
Served asset /products.css - 304 Not Modified (0ms)


Started GET "/assets/application.css?body=1" for 127.0.0.1 at 2013-09-24 17:16:16 +0700
Served asset /application.css - 304 Not Modified (0ms)


Started GET "/assets/jquery_ujs.js?body=1" for 127.0.0.1 at 2013-09-24 17:16:16 +0700
Served asset /jquery_ujs.js - 304 Not Modified (0ms)


Started GET "/assets/scaffolds.css?body=1" for 127.0.0.1 at 2013-09-24 17:16:16 +0700
Served asset /scaffolds.css - 304 Not Modified (0ms)


Started GET "/assets/jquery.js?body=1" for 127.0.0.1 at 2013-09-24 17:16:16 +0700
Served asset /jquery.js - 304 Not Modified (0ms)


Started GET "/assets/products.js?body=1" for 127.0.0.1 at 2013-09-24 17:16:16 +0700
Served asset /products.js - 304 Not Modified (0ms)


Started GET "/assets/application.js?body=1" for 127.0.0.1 at 2013-09-24 17:16:16 +0700
Served asset /application.js - 304 Not Modified (0ms)


Started GET "/assets/ruby.jpg" for 127.0.0.1 at 2013-09-24 17:16:16 +0700
Served asset /ruby.jpg - 304 Not Modified (2ms)


Started GET "/assets/rtp.jpg" for 127.0.0.1 at 2013-09-24 17:16:16 +0700
Served asset /rtp.jpg - 304 Not Modified (0ms)


Started GET "/assets/cs.jpg" for 127.0.0.1 at 2013-09-24 17:16:16 +0700
Served asset /cs.jpg - 304 Not Modified (1ms)


Started GET "/products" for 127.0.0.1 at 2013-09-24 17:17:46 +0700
Processing by ProductsController#index as HTML
  [1m[35mProduct Load (0.5ms)[0m  SELECT "products".* FROM "products" 
  Rendered products/index.html.erb within layouts/application (3.9ms)
Completed 200 OK in 11ms (Views: 9.3ms | ActiveRecord: 0.5ms)


Started GET "/assets/products.css?body=1" for 127.0.0.1 at 2013-09-24 17:17:46 +0700
Served asset /products.css - 304 Not Modified (0ms)


Started GET "/assets/jquery.js?body=1" for 127.0.0.1 at 2013-09-24 17:17:46 +0700
Served asset /jquery.js - 304 Not Modified (0ms)


Started GET "/assets/application.css?body=1" for 127.0.0.1 at 2013-09-24 17:17:46 +0700
Served asset /application.css - 304 Not Modified (0ms)


Started GET "/assets/jquery_ujs.js?body=1" for 127.0.0.1 at 2013-09-24 17:17:46 +0700
Served asset /jquery_ujs.js - 304 Not Modified (0ms)


Started GET "/assets/scaffolds.css?body=1" for 127.0.0.1 at 2013-09-24 17:17:46 +0700
Served asset /scaffolds.css - 304 Not Modified (0ms)


Started GET "/assets/products.js?body=1" for 127.0.0.1 at 2013-09-24 17:17:46 +0700
Served asset /products.js - 304 Not Modified (0ms)


Started GET "/assets/application.js?body=1" for 127.0.0.1 at 2013-09-24 17:17:46 +0700
Served asset /application.js - 304 Not Modified (0ms)


Started GET "/assets/rtp.jpg" for 127.0.0.1 at 2013-09-24 17:17:46 +0700
Served asset /rtp.jpg - 304 Not Modified (0ms)


Started GET "/assets/cs.jpg" for 127.0.0.1 at 2013-09-24 17:17:46 +0700
Served asset /cs.jpg - 304 Not Modified (0ms)


Started GET "/assets/ruby.jpg" for 127.0.0.1 at 2013-09-24 17:17:46 +0700
Served asset /ruby.jpg - 304 Not Modified (0ms)
Connecting to database specified by database.yml
  [1m[36m (0.5ms)[0m  [1mSELECT "schema_migrations"."version" FROM "schema_migrations" [0m
  [1m[35m (173.7ms)[0m  DROP DATABASE IF EXISTS "depot_test"
  [1m[36m (993.6ms)[0m  [1mCREATE DATABASE "depot_test" ENCODING = 'unicode'[0m
  [1m[35m (37.6ms)[0m  CREATE TABLE "products" ("id" serial primary key, "title" character varying(255), "description" text, "image_url" character varying(255), "price" decimal(8,2), "created_at" timestamp NOT NULL, "updated_at" timestamp NOT NULL) 
  [1m[36m (1.8ms)[0m  [1mCREATE TABLE "schema_migrations" ("version" character varying(255) NOT NULL) [0m
  [1m[35m (2.6ms)[0m  CREATE UNIQUE INDEX "unique_schema_migrations" ON "schema_migrations" ("version")
  [1m[36m (0.4ms)[0m  [1mSELECT version FROM "schema_migrations"[0m
  [1m[35m (1.2ms)[0m  INSERT INTO "schema_migrations" (version) VALUES ('20130924090003')
Connecting to database specified by database.yml
  [1m[36m (0.5ms)[0m  [1mSELECT "schema_migrations"."version" FROM "schema_migrations" [0m
  [1m[35m (116.0ms)[0m  DROP DATABASE IF EXISTS "depot_test"
  [1m[36m (343.4ms)[0m  [1mCREATE DATABASE "depot_test" ENCODING = 'unicode'[0m
  [1m[35m (125.5ms)[0m  CREATE TABLE "products" ("id" serial primary key, "title" character varying(255), "description" text, "image_url" character varying(255), "price" decimal(8,2), "created_at" timestamp NOT NULL, "updated_at" timestamp NOT NULL) 
  [1m[36m (5.3ms)[0m  [1mCREATE TABLE "schema_migrations" ("version" character varying(255) NOT NULL) [0m
  [1m[35m (6.6ms)[0m  CREATE UNIQUE INDEX "unique_schema_migrations" ON "schema_migrations" ("version")
  [1m[36m (0.6ms)[0m  [1mSELECT version FROM "schema_migrations"[0m
  [1m[35m (28.1ms)[0m  INSERT INTO "schema_migrations" (version) VALUES ('20130924090003')
Connecting to database specified by database.yml
  [1m[36m (0.5ms)[0m  [1mSELECT "schema_migrations"."version" FROM "schema_migrations" [0m
  [1m[35m (116.3ms)[0m  DROP DATABASE IF EXISTS "depot_test"
  [1m[36m (476.3ms)[0m  [1mCREATE DATABASE "depot_test" ENCODING = 'unicode'[0m
  [1m[35m (41.4ms)[0m  CREATE TABLE "products" ("id" serial primary key, "title" character varying(255), "description" text, "image_url" character varying(255), "price" decimal(8,2), "created_at" timestamp NOT NULL, "updated_at" timestamp NOT NULL) 
  [1m[36m (1.6ms)[0m  [1mCREATE TABLE "schema_migrations" ("version" character varying(255) NOT NULL) [0m
  [1m[35m (1.9ms)[0m  CREATE UNIQUE INDEX "unique_schema_migrations" ON "schema_migrations" ("version")
  [1m[36m (0.4ms)[0m  [1mSELECT version FROM "schema_migrations"[0m
  [1m[35m (31.6ms)[0m  INSERT INTO "schema_migrations" (version) VALUES ('20130924090003')
Connecting to database specified by database.yml
  [1m[36m (0.5ms)[0m  [1mSELECT "schema_migrations"."version" FROM "schema_migrations" [0m
  [1m[35m (115.9ms)[0m  DROP DATABASE IF EXISTS "depot_test"
  [1m[36m (522.1ms)[0m  [1mCREATE DATABASE "depot_test" ENCODING = 'unicode'[0m
  [1m[35m (314.9ms)[0m  CREATE TABLE "products" ("id" serial primary key, "title" character varying(255), "description" text, "image_url" character varying(255), "price" decimal(8,2), "created_at" timestamp NOT NULL, "updated_at" timestamp NOT NULL) 
  [1m[36m (52.3ms)[0m  [1mCREATE TABLE "schema_migrations" ("version" character varying(255) NOT NULL) [0m
  [1m[35m (39.3ms)[0m  CREATE UNIQUE INDEX "unique_schema_migrations" ON "schema_migrations" ("version")
  [1m[36m (0.5ms)[0m  [1mSELECT version FROM "schema_migrations"[0m
  [1m[35m (0.9ms)[0m  INSERT INTO "schema_migrations" (version) VALUES ('20130924090003')
