Compiled jquery.js  (3ms)  (pid 8525)
Compiled jquery.ui.core.js  (0ms)  (pid 8525)
Compiled jquery.ui.widget.js  (0ms)  (pid 8525)
Compiled jquery.ui.accordion.js  (17ms)  (pid 8525)
Compiled jquery.ui.position.js  (0ms)  (pid 8525)
Compiled jquery.ui.menu.js  (11ms)  (pid 8525)
Compiled jquery.ui.autocomplete.js  (24ms)  (pid 8525)
Compiled jquery.ui.button.js  (2ms)  (pid 8525)
Compiled jquery.ui.datepicker.js  (36ms)  (pid 8525)
Compiled jquery.ui.mouse.js  (2ms)  (pid 8525)
Compiled jquery.ui.draggable.js  (13ms)  (pid 8525)
Compiled jquery.ui.resizable.js  (4ms)  (pid 8525)
Compiled jquery.ui.dialog.js  (42ms)  (pid 8525)
Compiled jquery.ui.droppable.js  (5ms)  (pid 8525)
Compiled jquery.ui.effect.js  (0ms)  (pid 8525)
Compiled jquery.ui.effect-blind.js  (8ms)  (pid 8525)
Compiled jquery.ui.effect-bounce.js  (1ms)  (pid 8525)
Compiled jquery.ui.effect-clip.js  (1ms)  (pid 8525)
Compiled jquery.ui.effect-drop.js  (2ms)  (pid 8525)
Compiled jquery.ui.effect-explode.js  (1ms)  (pid 8525)
Compiled jquery.ui.effect-fade.js  (1ms)  (pid 8525)
Compiled jquery.ui.effect-fold.js  (2ms)  (pid 8525)
Compiled jquery.ui.effect-highlight.js  (1ms)  (pid 8525)
Compiled jquery.ui.effect-pulsate.js  (1ms)  (pid 8525)
Compiled jquery.ui.effect-scale.js  (2ms)  (pid 8525)
Compiled jquery.ui.effect-shake.js  (1ms)  (pid 8525)
Compiled jquery.ui.effect-slide.js  (1ms)  (pid 8525)
Compiled jquery.ui.effect-transfer.js  (1ms)  (pid 8525)
Compiled jquery.ui.progressbar.js  (15ms)  (pid 8525)
Compiled jquery.ui.selectable.js  (4ms)  (pid 8525)
Compiled jquery.ui.slider.js  (4ms)  (pid 8525)
Compiled jquery.ui.sortable.js  (4ms)  (pid 8525)
Compiled jquery.ui.spinner.js  (6ms)  (pid 8525)
Compiled jquery.ui.tabs.js  (2ms)  (pid 8525)
Compiled jquery.ui.tooltip.js  (4ms)  (pid 8525)
Compiled jquery.ui.all.js  (488ms)  (pid 8525)
Compiled jquery_ujs.js  (0ms)  (pid 8525)
Compiled carts.js  (187ms)  (pid 8525)
Compiled line_items.js  (186ms)  (pid 8525)
Compiled products.js  (184ms)  (pid 8525)
Compiled store.js  (205ms)  (pid 8525)
Compiled application.js  (1493ms)  (pid 8525)
Compiled carts.css  (3ms)  (pid 8525)
Compiled line_items.css  (1ms)  (pid 8525)
Compiled products.css  (8ms)  (pid 8525)
Compiled scaffolds.css  (11ms)  (pid 8525)
Compiled store.css  (9ms)  (pid 8525)
Compiled application.css  (179ms)  (pid 8525)
Compiled jquery.js  (2ms)  (pid 8525)
Compiled jquery.ui.core.js  (0ms)  (pid 8525)
Compiled jquery.ui.widget.js  (0ms)  (pid 8525)
Compiled jquery.ui.accordion.js  (21ms)  (pid 8525)
Compiled jquery.ui.position.js  (0ms)  (pid 8525)
Compiled jquery.ui.menu.js  (14ms)  (pid 8525)
Compiled jquery.ui.autocomplete.js  (34ms)  (pid 8525)
Compiled jquery.ui.button.js  (3ms)  (pid 8525)
Compiled jquery.ui.datepicker.js  (2ms)  (pid 8525)
Compiled jquery.ui.mouse.js  (3ms)  (pid 8525)
Compiled jquery.ui.draggable.js  (19ms)  (pid 8525)
Compiled jquery.ui.resizable.js  (4ms)  (pid 8525)
Compiled jquery.ui.dialog.js  (51ms)  (pid 8525)
Compiled jquery.ui.droppable.js  (8ms)  (pid 8525)
Compiled jquery.ui.effect.js  (0ms)  (pid 8525)
Compiled jquery.ui.effect-blind.js  (12ms)  (pid 8525)
Compiled jquery.ui.effect-bounce.js  (1ms)  (pid 8525)
Compiled jquery.ui.effect-clip.js  (1ms)  (pid 8525)
Compiled jquery.ui.effect-drop.js  (1ms)  (pid 8525)
Compiled jquery.ui.effect-explode.js  (1ms)  (pid 8525)
Compiled jquery.ui.effect-fade.js  (1ms)  (pid 8525)
Compiled jquery.ui.effect-fold.js  (1ms)  (pid 8525)
Compiled jquery.ui.effect-highlight.js  (1ms)  (pid 8525)
Compiled jquery.ui.effect-pulsate.js  (2ms)  (pid 8525)
Compiled jquery.ui.effect-scale.js  (5ms)  (pid 8525)
Compiled jquery.ui.effect-shake.js  (1ms)  (pid 8525)
Compiled jquery.ui.effect-slide.js  (2ms)  (pid 8525)
Compiled jquery.ui.effect-transfer.js  (2ms)  (pid 8525)
Compiled jquery.ui.progressbar.js  (3ms)  (pid 8525)
Compiled jquery.ui.selectable.js  (5ms)  (pid 8525)
Compiled jquery.ui.slider.js  (5ms)  (pid 8525)
Compiled jquery.ui.sortable.js  (5ms)  (pid 8525)
Compiled jquery.ui.spinner.js  (5ms)  (pid 8525)
Compiled jquery.ui.tabs.js  (3ms)  (pid 8525)
Compiled jquery.ui.tooltip.js  (4ms)  (pid 8525)
Compiled jquery.ui.all.js  (629ms)  (pid 8525)
Compiled jquery_ujs.js  (0ms)  (pid 8525)
Compiled carts.js  (206ms)  (pid 8525)
Compiled line_items.js  (189ms)  (pid 8525)
Compiled products.js  (184ms)  (pid 8525)
Compiled store.js  (199ms)  (pid 8525)
Compiled application.js  (1524ms)  (pid 8525)
Compiled carts.css  (3ms)  (pid 8525)
Compiled line_items.css  (1ms)  (pid 8525)
Compiled products.css  (9ms)  (pid 8525)
Compiled scaffolds.css  (11ms)  (pid 8525)
Compiled store.css  (9ms)  (pid 8525)
Compiled application.css  (94ms)  (pid 8525)
